<?xml version="1.0" encoding="UTF-8"?>
<testng-results skipped="0" failed="0" ignored="0" total="3" passed="3">
  <reporter-output>
  </reporter-output>
  <suite name="Default suite" duration-ms="94" started-at="2019-03-13T09:00:40Z" finished-at="2019-03-13T09:00:41Z">
    <groups>
    </groups>
    <test name="Default test" duration-ms="94" started-at="2019-03-13T09:00:40Z" finished-at="2019-03-13T09:00:41Z">
      <class name="TestNGPackage.DataProviderAttribute">
        <test-method status="PASS" signature="Testcase1(java.lang.String, java.lang.String)[pri:0, instance:TestNGPackage.DataProviderAttribute@5dfcfece]" name="Testcase1" duration-ms="15" started-at="2019-03-13T09:00:41Z" data-provider="GetData" finished-at="2019-03-13T09:00:41Z">
          <params>
            <param index="0">
              <value>
                <![CDATA[1stUserName]]>
              </value>
            </param>
            <param index="1">
              <value>
                <![CDATA[1stPassword]]>
              </value>
            </param>
          </params>
          <reporter-output>
          </reporter-output>
        </test-method> <!-- Testcase1 -->
        <test-method status="PASS" signature="Testcase1(java.lang.String, java.lang.String)[pri:0, instance:TestNGPackage.DataProviderAttribute@5dfcfece]" name="Testcase1" duration-ms="2" started-at="2019-03-13T09:00:41Z" data-provider="GetData" finished-at="2019-03-13T09:00:41Z">
          <params>
            <param index="0">
              <value>
                <![CDATA[2ndUserName]]>
              </value>
            </param>
            <param index="1">
              <value>
                <![CDATA[2ndPassword]]>
              </value>
            </param>
          </params>
          <reporter-output>
          </reporter-output>
        </test-method> <!-- Testcase1 -->
        <test-method status="PASS" signature="Testcase1(java.lang.String, java.lang.String)[pri:0, instance:TestNGPackage.DataProviderAttribute@5dfcfece]" name="Testcase1" duration-ms="7" started-at="2019-03-13T09:00:41Z" data-provider="GetData" finished-at="2019-03-13T09:00:41Z">
          <params>
            <param index="0">
              <value>
                <![CDATA[3rdUserName]]>
              </value>
            </param>
            <param index="1">
              <value>
                <![CDATA[3rdPassword]]>
              </value>
            </param>
          </params>
          <reporter-output>
          </reporter-output>
        </test-method> <!-- Testcase1 -->
      </class> <!-- TestNGPackage.DataProviderAttribute -->
    </test> <!-- Default test -->
  </suite> <!-- Default suite -->
</testng-results>
