<?xml version="1.0" encoding="UTF-8"?>
<!-- Generated by org.testng.reporters.JUnitXMLReporter -->
<testsuite hostname="LTPBAN252298788" ignored="1" name="CarLoan" tests="3" failures="0" timestamp="28 Dec 2018 11:19:21 GMT" time="0.048" errors="0">
  <testcase name="CarLoanAPI" time="0.0" classname="TestNGPackage.CarLoan"/>
  <testcase name="CarLoanWeb" time="0.016" classname="TestNGPackage.CarLoan"/>
  <testcase name="Login" time="0.0" classname="TestNGPackage.DataDriven"/>
  <testcase name="CarLoanMobile" time="0.0" classname="TestNGPackage.CarLoan">
    <ignored/>
  </testcase> <!-- CarLoanMobile -->
</testsuite> <!-- CarLoan -->
