<?xml version="1.0" encoding="UTF-8"?>
<!-- Generated by org.testng.reporters.JUnitXMLReporter -->
<testsuite hostname="LTPBAN252298788" ignored="3" name="HomeLoan" tests="4" failures="1" timestamp="28 Dec 2018 11:19:21 GMT" time="0.031" errors="0">
  <testcase name="HomeLoanAPI" time="0.016" classname="TestNGPackage.HomeLoan">
    <failure type="java.lang.AssertionError" message="expected [true] but found [false]">
      <![CDATA[java.lang.AssertionError: expected [true] but found [false]
at TestNGPackage.HomeLoan.HomeLoanAPI(HomeLoan.java:26)
... Removed 29 stack frames]]>
    </failure>
  </testcase> <!-- HomeLoanAPI -->
  <testcase name="HomeLoanMobile" time="0.0" classname="TestNGPackage.HomeLoan"/>
  <testcase name="HomeLoanWeb" time="0.0" classname="TestNGPackage.HomeLoan"/>
  <testcase name="PersonalLoanAPI" time="0.0" classname="TestNGPackage.Annotations"/>
  <testcase name="TestHomeLoanAPI" time="0.0" classname="TestNGPackage.HomeLoan">
    <ignored/>
  </testcase> <!-- TestHomeLoanAPI -->
  <testcase name="PersonalLoanWeb" time="0.0" classname="TestNGPackage.Annotations">
    <ignored/>
  </testcase> <!-- PersonalLoanWeb -->
  <testcase name="PersonalLoanMobile" time="0.0" classname="TestNGPackage.Annotations">
    <ignored/>
  </testcase> <!-- PersonalLoanMobile -->
</testsuite> <!-- HomeLoan -->
