<?xml version="1.0" encoding="UTF-8"?>
<!-- Generated by org.testng.reporters.JUnitXMLReporter -->
<testsuite hostname="LTPBAN252298788" ignored="7" name="Regression" tests="3" failures="0" timestamp="26 Dec 2018 10:44:27 GMT" time="0.058" errors="0">
  <testcase name="CarLoanAPI" time="0.013" classname="TestNGPackage.CarLoan"/>
  <testcase name="HomeLoanWeb" time="0.002" classname="TestNGPackage.HomeLoan"/>
  <testcase name="TestHomeLoanAPI" time="0.001" classname="TestNGPackage.HomeLoan"/>
  <testcase name="PersonalLoanAPI" time="0.0" classname="TestNGPackage.Annotations">
    <ignored/>
  </testcase> <!-- PersonalLoanAPI -->
  <testcase name="HomeLoanMobile" time="0.0" classname="TestNGPackage.HomeLoan">
    <ignored/>
  </testcase> <!-- HomeLoanMobile -->
  <testcase name="CarLoanMobile" time="0.0" classname="TestNGPackage.CarLoan">
    <ignored/>
  </testcase> <!-- CarLoanMobile -->
  <testcase name="PersonalLoanWeb" time="0.0" classname="TestNGPackage.Annotations">
    <ignored/>
  </testcase> <!-- PersonalLoanWeb -->
  <testcase name="PersonalLoanMobile" time="0.0" classname="TestNGPackage.Annotations">
    <ignored/>
  </testcase> <!-- PersonalLoanMobile -->
  <testcase name="HomeLoanAPI" time="0.0" classname="TestNGPackage.HomeLoan">
    <ignored/>
  </testcase> <!-- HomeLoanAPI -->
  <testcase name="CarLoanWeb" time="0.0" classname="TestNGPackage.CarLoan">
    <ignored/>
  </testcase> <!-- CarLoanWeb -->
</testsuite> <!-- Regression -->
